app/build/intermediates/manifest_merge_blame_file/debug/manifest-merger-blame-debug-report.txt
1<?xml version="1.0" encoding="utf-8"?>
2<manifest xmlns:android="http://schemas.android.com/apk/res/android"
3    package="com.eldorado.unishare"
4    android:versionCode="1"
5    android:versionName="1.0" >
6
7    <uses-sdk
8        android:minSdkVersion="24"
8-->src\main\AndroidManifest.xml
9        android:targetSdkVersion="34" />
9-->src\main\AndroidManifest.xml
10
11    <uses-permission android:name="android.permission.BLUETOOTH" />
11-->src\main\AndroidManifest.xml:5:5-68
11-->src\main\AndroidManifest.xml:5:22-65
12    <uses-permission android:name="android.permission.BLUETOOTH_ADMIN" />
12-->src\main\AndroidManifest.xml:6:5-74
12-->src\main\AndroidManifest.xml:6:22-71
13    <uses-permission android:name="android.permission.BLUETOOTH_ADVERTISE" />
13-->src\main\AndroidManifest.xml:7:5-78
13-->src\main\AndroidManifest.xml:7:22-75
14    <uses-permission android:name="android.permission.BLUETOOTH_CONNECT" />
14-->src\main\AndroidManifest.xml:8:5-76
14-->src\main\AndroidManifest.xml:8:22-73
15    <uses-permission android:name="android.permission.BLUETOOTH_SCAN" />
15-->src\main\AndroidManifest.xml:9:5-73
15-->src\main\AndroidManifest.xml:9:22-70
16    <uses-permission android:name="android.permission.ACCESS_FINE_LOCATION" />
16-->src\main\AndroidManifest.xml:10:5-79
16-->src\main\AndroidManifest.xml:10:22-76
17    <uses-permission android:name="android.permission.ACCESS_COARSE_LOCATION" />
17-->src\main\AndroidManifest.xml:11:5-81
17-->src\main\AndroidManifest.xml:11:22-78
18    <uses-permission android:name="android.permission.RECORD_AUDIO" />
18-->src\main\AndroidManifest.xml:12:5-71
18-->src\main\AndroidManifest.xml:12:22-68
19    <uses-permission android:name="android.permission.MODIFY_AUDIO_SETTINGS" />
19-->src\main\AndroidManifest.xml:13:5-80
19-->src\main\AndroidManifest.xml:13:22-77
20    <uses-permission
20-->src\main\AndroidManifest.xml:22:5-24:38
21        android:name="android.permission.ACCESS_BACKGROUND_LOCATION"
21-->src\main\AndroidManifest.xml:23:9-69
22        android:maxSdkVersion="30" />
22-->src\main\AndroidManifest.xml:24:9-35
23    <uses-permission android:name="android.permission.WAKE_LOCK" />
23-->src\main\AndroidManifest.xml:25:5-68
23-->src\main\AndroidManifest.xml:25:22-65
24    <uses-permission android:name="android.permission.USE_FULL_SCREEN_INTENT" />
24-->src\main\AndroidManifest.xml:26:5-81
24-->src\main\AndroidManifest.xml:26:22-78
25
26    <uses-feature
26-->src\main\AndroidManifest.xml:28:5-30:35
27        android:name="android.hardware.bluetooth_le"
27-->src\main\AndroidManifest.xml:29:9-53
28        android:required="true" />
28-->src\main\AndroidManifest.xml:30:9-32
29
30    <queries>
30-->[com.android.car.ui:car-ui-lib:2.0.0] AndroidManifest.xml:26:5-31:15
31        <provider
31-->[com.android.car.ui:car-ui-lib:2.0.0] AndroidManifest.xml:27:9-30:67
32            android:name="com.android.car.ui.plugin.PluginNameProvider"
32-->[com.android.car.ui:car-ui-lib:2.0.0] AndroidManifest.xml:28:13-72
33            android:authorities="com.android.car.ui.plugin" />
33-->[com.android.car.ui:car-ui-lib:2.0.0] AndroidManifest.xml:29:13-60
34    </queries>
35
36    <permission
36-->[androidx.core:core:1.12.0] AndroidManifest.xml:22:5-24:47
37        android:name="com.eldorado.unishare.DYNAMIC_RECEIVER_NOT_EXPORTED_PERMISSION"
37-->[androidx.core:core:1.12.0] AndroidManifest.xml:23:9-81
38        android:protectionLevel="signature" />
38-->[androidx.core:core:1.12.0] AndroidManifest.xml:24:9-44
39
40    <uses-permission android:name="com.eldorado.unishare.DYNAMIC_RECEIVER_NOT_EXPORTED_PERMISSION" />
40-->[androidx.core:core:1.12.0] AndroidManifest.xml:26:5-97
40-->[androidx.core:core:1.12.0] AndroidManifest.xml:26:22-94
41
42    <application
42-->src\main\AndroidManifest.xml:32:5-77:19
43        android:allowBackup="true"
43-->src\main\AndroidManifest.xml:33:9-35
44        android:appComponentFactory="androidx.core.app.CoreComponentFactory"
44-->[androidx.core:core:1.12.0] AndroidManifest.xml:28:18-86
45        android:dataExtractionRules="@xml/data_extraction_rules"
45-->src\main\AndroidManifest.xml:34:9-65
46        android:debuggable="true"
47        android:extractNativeLibs="false"
48        android:fullBackupContent="@xml/backup_rules"
48-->src\main\AndroidManifest.xml:35:9-54
49        android:icon="@mipmap/ic_launcher"
49-->src\main\AndroidManifest.xml:36:9-43
50        android:label="@string/app_name"
50-->src\main\AndroidManifest.xml:37:9-41
51        android:roundIcon="@mipmap/ic_launcher"
51-->src\main\AndroidManifest.xml:38:9-48
52        android:supportsRtl="true"
52-->src\main\AndroidManifest.xml:39:9-35
53        android:testOnly="true"
54        android:theme="@style/AppTheme" >
54-->src\main\AndroidManifest.xml:40:9-40
55        <activity
55-->src\main\AndroidManifest.xml:42:9-45:40
56            android:name="com.eldorado.unishare.activity.AboutActivity"
56-->src\main\AndroidManifest.xml:43:13-51
57            android:exported="false"
57-->src\main\AndroidManifest.xml:45:13-37
58            android:theme="@style/AboutTheme" />
58-->src\main\AndroidManifest.xml:44:13-46
59        <activity
59-->src\main\AndroidManifest.xml:46:9-50:52
60            android:name="com.eldorado.unishare.activity.SettingsActivity"
60-->src\main\AndroidManifest.xml:47:13-54
61            android:exported="false"
61-->src\main\AndroidManifest.xml:48:13-37
62            android:label="@string/title_activity_settings"
62-->src\main\AndroidManifest.xml:49:13-60
63            android:theme="@style/SettingsTheme" />
63-->src\main\AndroidManifest.xml:50:13-49
64        <activity
64-->src\main\AndroidManifest.xml:51:9-60:20
65            android:name="com.eldorado.unishare.activity.SplashScreenActivity"
65-->src\main\AndroidManifest.xml:52:13-58
66            android:exported="true"
66-->src\main\AndroidManifest.xml:53:13-36
67            android:theme="@style/SplashTheme" >
67-->src\main\AndroidManifest.xml:54:13-47
68            <intent-filter>
68-->src\main\AndroidManifest.xml:55:13-59:29
69                <action android:name="android.intent.action.MAIN" />
69-->src\main\AndroidManifest.xml:56:17-69
69-->src\main\AndroidManifest.xml:56:25-66
70
71                <category android:name="android.intent.category.LAUNCHER" />
71-->src\main\AndroidManifest.xml:58:17-77
71-->src\main\AndroidManifest.xml:58:27-74
72            </intent-filter>
73        </activity>
74        <activity
74-->src\main\AndroidManifest.xml:61:9-64:48
75            android:name="com.eldorado.unishare.activity.VoiceCallActivity"
75-->src\main\AndroidManifest.xml:62:13-55
76            android:exported="false"
76-->src\main\AndroidManifest.xml:63:13-37
77            android:theme="@style/CallTheme" />
77-->src\main\AndroidManifest.xml:64:13-45
78        <activity
78-->src\main\AndroidManifest.xml:65:9-68:48
79            android:name="com.eldorado.unishare.activity.ChatActivity"
79-->src\main\AndroidManifest.xml:66:13-50
80            android:exported="false"
80-->src\main\AndroidManifest.xml:67:13-37
81            android:theme="@style/ChatTheme" />
81-->src\main\AndroidManifest.xml:68:13-45
82        <activity
82-->src\main\AndroidManifest.xml:69:9-72:47
83            android:name="com.eldorado.unishare.activity.MainActivity"
83-->src\main\AndroidManifest.xml:70:13-50
84            android:exported="true"
84-->src\main\AndroidManifest.xml:71:13-36
85            android:theme="@style/AppTheme" />
85-->src\main\AndroidManifest.xml:72:13-44
86
87        <meta-data
87-->src\main\AndroidManifest.xml:74:9-76:57
88            android:name="preloaded_fonts"
88-->src\main\AndroidManifest.xml:75:13-43
89            android:resource="@array/preloaded_fonts" />
89-->src\main\AndroidManifest.xml:76:13-54
90
91        <provider
91-->[com.android.car.ui:car-ui-lib:2.0.0] AndroidManifest.xml:34:9-39:71
92            android:name="com.android.car.ui.core.CarUiInstaller"
92-->[com.android.car.ui:car-ui-lib:2.0.0] AndroidManifest.xml:35:13-66
93            android:authorities="com.eldorado.unishare.CarUiInstaller"
93-->[com.android.car.ui:car-ui-lib:2.0.0] AndroidManifest.xml:36:13-66
94            android:directBootAware="true"
94-->[com.android.car.ui:car-ui-lib:2.0.0] AndroidManifest.xml:37:13-43
95            android:exported="false"
95-->[com.android.car.ui:car-ui-lib:2.0.0] AndroidManifest.xml:38:13-37
96            android:process="@string/car_ui_installer_process_name" />
96-->[com.android.car.ui:car-ui-lib:2.0.0] AndroidManifest.xml:39:13-68
97        <provider
97-->[com.android.car.ui:car-ui-lib:2.0.0] AndroidManifest.xml:40:9-45:79
98            android:name="com.android.car.ui.core.SearchResultsProvider"
98-->[com.android.car.ui:car-ui-lib:2.0.0] AndroidManifest.xml:41:13-73
99            android:authorities="com.eldorado.unishare.SearchResultsProvider"
99-->[com.android.car.ui:car-ui-lib:2.0.0] AndroidManifest.xml:42:13-73
100            android:exported="true"
100-->[com.android.car.ui:car-ui-lib:2.0.0] AndroidManifest.xml:43:13-36
101            android:process="@string/car_ui_installer_process_name"
101-->[com.android.car.ui:car-ui-lib:2.0.0] AndroidManifest.xml:44:13-68
102            android:readPermission="com.android.car.ui.READ_SEARCH_RESULTS" />
102-->[com.android.car.ui:car-ui-lib:2.0.0] AndroidManifest.xml:45:13-76
103
104        <activity
104-->[androidx.compose.ui:ui-tooling:1.3.0] AndroidManifest.xml:23:9-25:39
105            android:name="androidx.compose.ui.tooling.PreviewActivity"
105-->[androidx.compose.ui:ui-tooling:1.3.0] AndroidManifest.xml:24:13-71
106            android:exported="true" />
106-->[androidx.compose.ui:ui-tooling:1.3.0] AndroidManifest.xml:25:13-36
107        <activity
107-->[androidx.compose.ui:ui-test-manifest:1.3.0] AndroidManifest.xml:23:9-25:39
108            android:name="androidx.activity.ComponentActivity"
108-->[androidx.compose.ui:ui-test-manifest:1.3.0] AndroidManifest.xml:24:13-63
109            android:exported="true" />
109-->[androidx.compose.ui:ui-test-manifest:1.3.0] AndroidManifest.xml:25:13-36
110
111        <provider
111-->[androidx.emoji2:emoji2:1.2.0] AndroidManifest.xml:24:9-32:20
112            android:name="androidx.startup.InitializationProvider"
112-->[androidx.emoji2:emoji2:1.2.0] AndroidManifest.xml:25:13-67
113            android:authorities="com.eldorado.unishare.androidx-startup"
113-->[androidx.emoji2:emoji2:1.2.0] AndroidManifest.xml:26:13-68
114            android:exported="false" >
114-->[androidx.emoji2:emoji2:1.2.0] AndroidManifest.xml:27:13-37
115            <meta-data
115-->[androidx.emoji2:emoji2:1.2.0] AndroidManifest.xml:29:13-31:52
116                android:name="androidx.emoji2.text.EmojiCompatInitializer"
116-->[androidx.emoji2:emoji2:1.2.0] AndroidManifest.xml:30:17-75
117                android:value="androidx.startup" />
117-->[androidx.emoji2:emoji2:1.2.0] AndroidManifest.xml:31:17-49
118            <meta-data
118-->[androidx.lifecycle:lifecycle-process:2.6.2] AndroidManifest.xml:29:13-31:52
119                android:name="androidx.lifecycle.ProcessLifecycleInitializer"
119-->[androidx.lifecycle:lifecycle-process:2.6.2] AndroidManifest.xml:30:17-78
120                android:value="androidx.startup" />
120-->[androidx.lifecycle:lifecycle-process:2.6.2] AndroidManifest.xml:31:17-49
121            <meta-data
121-->[androidx.profileinstaller:profileinstaller:1.3.0] AndroidManifest.xml:29:13-31:52
122                android:name="androidx.profileinstaller.ProfileInstallerInitializer"
122-->[androidx.profileinstaller:profileinstaller:1.3.0] AndroidManifest.xml:30:17-85
123                android:value="androidx.startup" />
123-->[androidx.profileinstaller:profileinstaller:1.3.0] AndroidManifest.xml:31:17-49
124        </provider>
125
126        <uses-library
126-->[androidx.window:window:1.0.0] AndroidManifest.xml:25:9-27:40
127            android:name="androidx.window.extensions"
127-->[androidx.window:window:1.0.0] AndroidManifest.xml:26:13-54
128            android:required="false" />
128-->[androidx.window:window:1.0.0] AndroidManifest.xml:27:13-37
129        <uses-library
129-->[androidx.window:window:1.0.0] AndroidManifest.xml:28:9-30:40
130            android:name="androidx.window.sidecar"
130-->[androidx.window:window:1.0.0] AndroidManifest.xml:29:13-51
131            android:required="false" />
131-->[androidx.window:window:1.0.0] AndroidManifest.xml:30:13-37
132
133        <receiver
133-->[androidx.profileinstaller:profileinstaller:1.3.0] AndroidManifest.xml:34:9-52:20
134            android:name="androidx.profileinstaller.ProfileInstallReceiver"
134-->[androidx.profileinstaller:profileinstaller:1.3.0] AndroidManifest.xml:35:13-76
135            android:directBootAware="false"
135-->[androidx.profileinstaller:profileinstaller:1.3.0] AndroidManifest.xml:36:13-44
136            android:enabled="true"
136-->[androidx.profileinstaller:profileinstaller:1.3.0] AndroidManifest.xml:37:13-35
137            android:exported="true"
137-->[androidx.profileinstaller:profileinstaller:1.3.0] AndroidManifest.xml:38:13-36
138            android:permission="android.permission.DUMP" >
138-->[androidx.profileinstaller:profileinstaller:1.3.0] AndroidManifest.xml:39:13-57
139            <intent-filter>
139-->[androidx.profileinstaller:profileinstaller:1.3.0] AndroidManifest.xml:40:13-42:29
140                <action android:name="androidx.profileinstaller.action.INSTALL_PROFILE" />
140-->[androidx.profileinstaller:profileinstaller:1.3.0] AndroidManifest.xml:41:17-91
140-->[androidx.profileinstaller:profileinstaller:1.3.0] AndroidManifest.xml:41:25-88
141            </intent-filter>
142            <intent-filter>
142-->[androidx.profileinstaller:profileinstaller:1.3.0] AndroidManifest.xml:43:13-45:29
143                <action android:name="androidx.profileinstaller.action.SKIP_FILE" />
143-->[androidx.profileinstaller:profileinstaller:1.3.0] AndroidManifest.xml:44:17-85
143-->[androidx.profileinstaller:profileinstaller:1.3.0] AndroidManifest.xml:44:25-82
144            </intent-filter>
145            <intent-filter>
145-->[androidx.profileinstaller:profileinstaller:1.3.0] AndroidManifest.xml:46:13-48:29
146                <action android:name="androidx.profileinstaller.action.SAVE_PROFILE" />
146-->[androidx.profileinstaller:profileinstaller:1.3.0] AndroidManifest.xml:47:17-88
146-->[androidx.profileinstaller:profileinstaller:1.3.0] AndroidManifest.xml:47:25-85
147            </intent-filter>
148            <intent-filter>
148-->[androidx.profileinstaller:profileinstaller:1.3.0] AndroidManifest.xml:49:13-51:29
149                <action android:name="androidx.profileinstaller.action.BENCHMARK_OPERATION" />
149-->[androidx.profileinstaller:profileinstaller:1.3.0] AndroidManifest.xml:50:17-95
149-->[androidx.profileinstaller:profileinstaller:1.3.0] AndroidManifest.xml:50:25-92
150            </intent-filter>
151        </receiver>
152    </application>
153
154</manifest>